2024-07-30 18:31:20,310 - root - INFO - Config file not found
2024-07-30 18:31:20,310 - root - ERROR - Last extraction timestamp file not found
2024-07-30 18:31:20,311 - root - INFO - Last extraction timestamp file created successfully
2024-07-30 18:31:20,311 - root - INFO - Current extraction timestamp saved successfully
2024-07-30 18:31:20,311 - root - INFO - Last extraction timestamp file loaded successfully
2024-07-30 18:31:20,311 - root - INFO - Last extraction timestamp: 
2024-07-30 18:31:20,312 - root - INFO - Socrata client created successfully
2024-07-30 18:31:20,961 - root - INFO - Data extracted successfully
2024-07-30 18:31:27,653 - root - INFO - Config file not found
2024-07-30 18:31:27,653 - root - INFO - Last extraction timestamp file loaded successfully
2024-07-30 18:31:27,653 - root - INFO - Last extraction timestamp: 
2024-07-30 18:31:27,653 - root - INFO - Last extraction timestamp file created successfully
2024-07-30 18:31:27,653 - root - INFO - Current extraction timestamp saved successfully
2024-07-30 18:31:42,635 - root - INFO - Config file not found
2024-07-30 18:31:42,635 - root - INFO - Last extraction timestamp file loaded successfully
2024-07-30 18:31:42,636 - root - INFO - Last extraction timestamp: 
2024-07-30 18:31:42,636 - root - INFO - Last extraction timestamp file created successfully
2024-07-30 18:31:42,636 - root - INFO - Current extraction timestamp saved successfully
2024-07-30 18:31:42,636 - root - INFO - Config file successfully loaded
2024-07-30 18:31:42,636 - root - INFO - Last extraction timestamp file loaded successfully
2024-07-30 18:31:42,636 - root - INFO - Last extraction timestamp: 
2024-07-30 18:31:42,637 - root - INFO - Socrata client created successfully
2024-07-30 18:31:43,232 - root - INFO - Data extracted successfully
2024-07-30 18:31:43,244 - root - INFO - Dataframe successfully created
